Mollie client initialized successfully
[32m[32minfo[32m[39m: [32mServer running on port 5001[39m {"timestamp":"2025-07-17 18:50:11:5011"}
Connected to MongoDB
Error sending order confirmation email: TypeError: nodemailer.createTransporter is not a function
    at createTransporter (/Users/oliver/Projects/boutique/utils/emailService.js:5:21)
    at sendOrderConfirmation (/Users/oliver/Projects/boutique/utils/emailService.js:334:23)
    at /Users/oliver/Projects/boutique/routes/orders.js:201:33
    at process.processTicksAndRejections (node:internal/process/task_queues:105:5)
Error sending order confirmation email: TypeError: nodemailer.createTransporter is not a function
    at createTransporter (/Users/oliver/Projects/boutique/utils/emailService.js:5:21)
    at sendOrderConfirmation (/Users/oliver/Projects/boutique/utils/emailService.js:334:23)
    at /Users/oliver/Projects/boutique/routes/orders.js:201:33
    at process.processTicksAndRejections (node:internal/process/task_queues:105:5)
Error sending order confirmation email: TypeError: nodemailer.createTransporter is not a function
    at createTransporter (/Users/oliver/Projects/boutique/utils/emailService.js:5:21)
    at sendOrderConfirmation (/Users/oliver/Projects/boutique/utils/emailService.js:334:23)
    at /Users/oliver/Projects/boutique/routes/orders.js:201:33
    at process.processTicksAndRejections (node:internal/process/task_queues:105:5)
Error sending welcome email: TypeError: nodemailer.createTransporter is not a function
    at createTransporter (/Users/oliver/Projects/boutique/utils/emailService.js:5:21)
    at sendWelcomeEmail (/Users/oliver/Projects/boutique/utils/emailService.js:397:23)
    at /Users/oliver/Projects/boutique/routes/auth.js:103:35
    at process.processTicksAndRejections (node:internal/process/task_queues:105:5)
