{"level":"\u001b[33mwarn\u001b[39m","message":"\u001b[33mCircuit breaker for TestService is now OPEN. Will retry after 1000ms\u001b[39m","timestamp":"2025-07-16 16:10:01:101"}
{"error":"Async error","ip":"::ffff:127.0.0.1","level":"\u001b[31merror\u001b[39m","message":"\u001b[31mProduction error:\u001b[39m","method":"GET","statusCode":500,"timestamp":"2025-07-16 16:10:01:101","url":"/test"}
{"level":"\u001b[33mwarn\u001b[39m","message":"\u001b[33mCircuit breaker for TestService is now OPEN. Will retry after 1000ms\u001b[39m","timestamp":"2025-07-16 16:10:01:101"}
{"level":"\u001b[33mwarn\u001b[39m","message":"\u001b[33mCircuit breaker for TestService is now OPEN. Will retry after 1000ms\u001b[39m","timestamp":"2025-07-16 16:10:01:101"}
{"error":{"message":"Async error","status":"error","statusCode":500},"level":"\u001b[31merror\u001b[39m","message":"\u001b[31mUnknown error:\u001b[39m","timestamp":"2025-07-16 16:10:01:101"}
{"code":"TEST_ERROR","error":"Operational error","ip":"::ffff:127.0.0.1","level":"\u001b[31merror\u001b[39m","message":"\u001b[31mProduction error:\u001b[39m","method":"GET","statusCode":400,"timestamp":"2025-07-16 16:10:01:101","url":"/test"}
{"error":"Programming error","ip":"::ffff:127.0.0.1","level":"\u001b[31merror\u001b[39m","message":"\u001b[31mProduction error:\u001b[39m","method":"GET","statusCode":500,"timestamp":"2025-07-16 16:10:01:101","url":"/test"}
{"error":{"isOperational":false,"message":"Programming error","status":"error","statusCode":500},"level":"\u001b[31merror\u001b[39m","message":"\u001b[31mUnknown error:\u001b[39m","timestamp":"2025-07-16 16:10:01:101"}
{"error":"Dev error","ip":"::ffff:127.0.0.1","level":"\u001b[31merror\u001b[39m","message":"\u001b[31mError in development:\u001b[39m","method":"GET","stack":"Error: Dev error\n    at /Users/oliver/Projects/boutique/test/middleware/errorHandler.test.js:110:14\n    at Layer.handle [as handle_request] (/Users/oliver/Projects/boutique/node_modules/express/lib/router/layer.js:95:5)\n    at next (/Users/oliver/Projects/boutique/node_modules/express/lib/router/route.js:149:13)\n    at Route.dispatch (/Users/oliver/Projects/boutique/node_modules/express/lib/router/route.js:119:3)\n    at Layer.handle [as handle_request] (/Users/oliver/Projects/boutique/node_modules/express/lib/router/layer.js:95:5)\n    at /Users/oliver/Projects/boutique/node_modules/express/lib/router/index.js:284:15\n    at Function.process_params (/Users/oliver/Projects/boutique/node_modules/express/lib/router/index.js:346:12)\n    at next (/Users/oliver/Projects/boutique/node_modules/express/lib/router/index.js:280:10)\n    at jsonParser (/Users/oliver/Projects/boutique/node_modules/body-parser/lib/types/json.js:113:7)\n    at Layer.handle [as handle_request] (/Users/oliver/Projects/boutique/node_modules/express/lib/router/layer.js:95:5)\n    at trim_prefix (/Users/oliver/Projects/boutique/node_modules/express/lib/router/index.js:328:13)\n    at /Users/oliver/Projects/boutique/node_modules/express/lib/router/index.js:286:9\n    at Function.process_params (/Users/oliver/Projects/boutique/node_modules/express/lib/router/index.js:346:12)\n    at next (/Users/oliver/Projects/boutique/node_modules/express/lib/router/index.js:280:10)\n    at expressInit (/Users/oliver/Projects/boutique/node_modules/express/lib/middleware/init.js:40:5)\n    at Layer.handle [as handle_request] (/Users/oliver/Projects/boutique/node_modules/express/lib/router/layer.js:95:5)\n    at trim_prefix (/Users/oliver/Projects/boutique/node_modules/express/lib/router/index.js:328:13)\n    at /Users/oliver/Projects/boutique/node_modules/express/lib/router/index.js:286:9\n    at Function.process_params (/Users/oliver/Projects/boutique/node_modules/express/lib/router/index.js:346:12)\n    at next (/Users/oliver/Projects/boutique/node_modules/express/lib/router/index.js:280:10)\n    at query (/Users/oliver/Projects/boutique/node_modules/express/lib/middleware/query.js:45:5)\n    at Layer.handle [as handle_request] (/Users/oliver/Projects/boutique/node_modules/express/lib/router/layer.js:95:5)\n    at trim_prefix (/Users/oliver/Projects/boutique/node_modules/express/lib/router/index.js:328:13)\n    at /Users/oliver/Projects/boutique/node_modules/express/lib/router/index.js:286:9\n    at Function.process_params (/Users/oliver/Projects/boutique/node_modules/express/lib/router/index.js:346:12)\n    at next (/Users/oliver/Projects/boutique/node_modules/express/lib/router/index.js:280:10)\n    at Function.handle (/Users/oliver/Projects/boutique/node_modules/express/lib/router/index.js:175:3)\n    at Function.handle (/Users/oliver/Projects/boutique/node_modules/express/lib/application.js:181:10)\n    at Server.app (/Users/oliver/Projects/boutique/node_modules/express/lib/express.js:39:9)\n    at Server.emit (node:events:518:28)\n    at parserOnIncoming (node:_http_server:1155:12)\n    at HTTPParser.parserOnHeadersComplete (node:_http_common:117:17)","timestamp":"2025-07-16 16:10:01:101","url":"/test"}
{"code":"INVALID_TOKEN","error":"Invalid token. Please log in again!","ip":"::ffff:127.0.0.1","level":"\u001b[31merror\u001b[39m","message":"\u001b[31mProduction error:\u001b[39m","method":"GET","statusCode":401,"timestamp":"2025-07-16 16:10:01:101","url":"/test"}
{"code":"TOKEN_EXPIRED","error":"Your token has expired! Please log in again.","ip":"::ffff:127.0.0.1","level":"\u001b[31merror\u001b[39m","message":"\u001b[31mProduction error:\u001b[39m","method":"GET","statusCode":401,"timestamp":"2025-07-16 16:10:01:101","url":"/test"}
{"code":"VALIDATION_ERROR","error":"Invalid input data. Email is required. Password is too short","ip":"::ffff:127.0.0.1","level":"\u001b[31merror\u001b[39m","message":"\u001b[31mProduction error:\u001b[39m","method":"GET","statusCode":400,"timestamp":"2025-07-16 16:10:01:101","url":"/test"}
{"level":"\u001b[32minfo\u001b[39m","message":"\u001b[32mCircuit breaker for TestService is now HALF_OPEN\u001b[39m","timestamp":"2025-07-16 16:10:02:102"}
{"level":"\u001b[32minfo\u001b[39m","message":"\u001b[32mCircuit breaker for TestService is now CLOSED\u001b[39m","timestamp":"2025-07-16 16:10:02:102"}
{"attempt":1,"error":"Temporary error","level":"\u001b[33mwarn\u001b[39m","message":"\u001b[33mTest operation failed on attempt 1, retrying in 10ms:\u001b[39m","nextRetryIn":10,"timestamp":"2025-07-16 16:10:02:102"}
{"level":"\u001b[32minfo\u001b[39m","message":"\u001b[32mTest operation succeeded on attempt 2\u001b[39m","timestamp":"2025-07-16 16:10:02:102"}
{"attempt":1,"error":"Persistent error","level":"\u001b[33mwarn\u001b[39m","message":"\u001b[33mTest operation failed on attempt 1, retrying in 10ms:\u001b[39m","nextRetryIn":10,"timestamp":"2025-07-16 16:10:02:102"}
{"attempts":2,"error":"Persistent error","level":"\u001b[31merror\u001b[39m","message":"\u001b[31mTest operation failed after 2 attempts:\u001b[39m","timestamp":"2025-07-16 16:10:02:102"}
{"attempt":1,"error":"Error 1","level":"\u001b[33mwarn\u001b[39m","message":"\u001b[33mTest operation failed on attempt 1, retrying in 50ms:\u001b[39m","nextRetryIn":50,"timestamp":"2025-07-16 16:10:02:102"}
{"attempt":2,"error":"Error 2","level":"\u001b[33mwarn\u001b[39m","message":"\u001b[33mTest operation failed on attempt 2, retrying in 100ms:\u001b[39m","nextRetryIn":100,"timestamp":"2025-07-16 16:10:03:103"}
{"level":"\u001b[32minfo\u001b[39m","message":"\u001b[32mTest operation succeeded on attempt 3\u001b[39m","timestamp":"2025-07-16 16:10:03:103"}
{"level":"\u001b[33mwarn\u001b[39m","message":"\u001b[33mCircuit breaker for TestService is now OPEN. Will retry after 1000ms\u001b[39m","timestamp":"2025-07-16 16:30:33:3033"}
{"level":"\u001b[33mwarn\u001b[39m","message":"\u001b[33mCircuit breaker for TestService is now OPEN. Will retry after 1000ms\u001b[39m","timestamp":"2025-07-16 16:30:33:3033"}
{"level":"\u001b[33mwarn\u001b[39m","message":"\u001b[33mCircuit breaker for TestService is now OPEN. Will retry after 1000ms\u001b[39m","timestamp":"2025-07-16 16:30:33:3033"}
{"error":"Async error","ip":"::ffff:127.0.0.1","level":"\u001b[31merror\u001b[39m","message":"\u001b[31mProduction error:\u001b[39m","method":"GET","statusCode":500,"timestamp":"2025-07-16 16:30:33:3033","url":"/test"}
{"error":{"message":"Async error","status":"error","statusCode":500},"level":"\u001b[31merror\u001b[39m","message":"\u001b[31mUnknown error:\u001b[39m","timestamp":"2025-07-16 16:30:33:3033"}
{"code":"TEST_ERROR","error":"Operational error","ip":"::ffff:127.0.0.1","level":"\u001b[31merror\u001b[39m","message":"\u001b[31mProduction error:\u001b[39m","method":"GET","statusCode":400,"timestamp":"2025-07-16 16:30:33:3033","url":"/test"}
{"error":"Programming error","ip":"::ffff:127.0.0.1","level":"\u001b[31merror\u001b[39m","message":"\u001b[31mProduction error:\u001b[39m","method":"GET","statusCode":500,"timestamp":"2025-07-16 16:30:33:3033","url":"/test"}
{"error":{"isOperational":false,"message":"Programming error","status":"error","statusCode":500},"level":"\u001b[31merror\u001b[39m","message":"\u001b[31mUnknown error:\u001b[39m","timestamp":"2025-07-16 16:30:33:3033"}
{"error":"Dev error","ip":"::ffff:127.0.0.1","level":"\u001b[31merror\u001b[39m","message":"\u001b[31mError in development:\u001b[39m","method":"GET","stack":"Error: Dev error\n    at /Users/oliver/Projects/boutique/test/middleware/errorHandler.test.js:110:14\n    at Layer.handle [as handle_request] (/Users/oliver/Projects/boutique/node_modules/express/lib/router/layer.js:95:5)\n    at next (/Users/oliver/Projects/boutique/node_modules/express/lib/router/route.js:149:13)\n    at Route.dispatch (/Users/oliver/Projects/boutique/node_modules/express/lib/router/route.js:119:3)\n    at Layer.handle [as handle_request] (/Users/oliver/Projects/boutique/node_modules/express/lib/router/layer.js:95:5)\n    at /Users/oliver/Projects/boutique/node_modules/express/lib/router/index.js:284:15\n    at Function.process_params (/Users/oliver/Projects/boutique/node_modules/express/lib/router/index.js:346:12)\n    at next (/Users/oliver/Projects/boutique/node_modules/express/lib/router/index.js:280:10)\n    at jsonParser (/Users/oliver/Projects/boutique/node_modules/body-parser/lib/types/json.js:113:7)\n    at Layer.handle [as handle_request] (/Users/oliver/Projects/boutique/node_modules/express/lib/router/layer.js:95:5)\n    at trim_prefix (/Users/oliver/Projects/boutique/node_modules/express/lib/router/index.js:328:13)\n    at /Users/oliver/Projects/boutique/node_modules/express/lib/router/index.js:286:9\n    at Function.process_params (/Users/oliver/Projects/boutique/node_modules/express/lib/router/index.js:346:12)\n    at next (/Users/oliver/Projects/boutique/node_modules/express/lib/router/index.js:280:10)\n    at expressInit (/Users/oliver/Projects/boutique/node_modules/express/lib/middleware/init.js:40:5)\n    at Layer.handle [as handle_request] (/Users/oliver/Projects/boutique/node_modules/express/lib/router/layer.js:95:5)\n    at trim_prefix (/Users/oliver/Projects/boutique/node_modules/express/lib/router/index.js:328:13)\n    at /Users/oliver/Projects/boutique/node_modules/express/lib/router/index.js:286:9\n    at Function.process_params (/Users/oliver/Projects/boutique/node_modules/express/lib/router/index.js:346:12)\n    at next (/Users/oliver/Projects/boutique/node_modules/express/lib/router/index.js:280:10)\n    at query (/Users/oliver/Projects/boutique/node_modules/express/lib/middleware/query.js:45:5)\n    at Layer.handle [as handle_request] (/Users/oliver/Projects/boutique/node_modules/express/lib/router/layer.js:95:5)\n    at trim_prefix (/Users/oliver/Projects/boutique/node_modules/express/lib/router/index.js:328:13)\n    at /Users/oliver/Projects/boutique/node_modules/express/lib/router/index.js:286:9\n    at Function.process_params (/Users/oliver/Projects/boutique/node_modules/express/lib/router/index.js:346:12)\n    at next (/Users/oliver/Projects/boutique/node_modules/express/lib/router/index.js:280:10)\n    at Function.handle (/Users/oliver/Projects/boutique/node_modules/express/lib/router/index.js:175:3)\n    at Function.handle (/Users/oliver/Projects/boutique/node_modules/express/lib/application.js:181:10)\n    at Server.app (/Users/oliver/Projects/boutique/node_modules/express/lib/express.js:39:9)\n    at Server.emit (node:events:518:28)\n    at parserOnIncoming (node:_http_server:1155:12)\n    at HTTPParser.parserOnHeadersComplete (node:_http_common:117:17)","timestamp":"2025-07-16 16:30:33:3033","url":"/test"}
{"code":"INVALID_TOKEN","error":"Invalid token. Please log in again!","ip":"::ffff:127.0.0.1","level":"\u001b[31merror\u001b[39m","message":"\u001b[31mProduction error:\u001b[39m","method":"GET","statusCode":401,"timestamp":"2025-07-16 16:30:33:3033","url":"/test"}
{"code":"TOKEN_EXPIRED","error":"Your token has expired! Please log in again.","ip":"::ffff:127.0.0.1","level":"\u001b[31merror\u001b[39m","message":"\u001b[31mProduction error:\u001b[39m","method":"GET","statusCode":401,"timestamp":"2025-07-16 16:30:33:3033","url":"/test"}
{"code":"VALIDATION_ERROR","error":"Invalid input data. Email is required. Password is too short","ip":"::ffff:127.0.0.1","level":"\u001b[31merror\u001b[39m","message":"\u001b[31mProduction error:\u001b[39m","method":"GET","statusCode":400,"timestamp":"2025-07-16 16:30:33:3033","url":"/test"}
{"level":"\u001b[32minfo\u001b[39m","message":"\u001b[32mCircuit breaker for TestService is now HALF_OPEN\u001b[39m","timestamp":"2025-07-16 16:30:34:3034"}
{"level":"\u001b[32minfo\u001b[39m","message":"\u001b[32mCircuit breaker for TestService is now CLOSED\u001b[39m","timestamp":"2025-07-16 16:30:34:3034"}
{"attempt":1,"error":"Temporary error","level":"\u001b[33mwarn\u001b[39m","message":"\u001b[33mTest operation failed on attempt 1, retrying in 10ms:\u001b[39m","nextRetryIn":10,"timestamp":"2025-07-16 16:30:34:3034"}
{"level":"\u001b[32minfo\u001b[39m","message":"\u001b[32mTest operation succeeded on attempt 2\u001b[39m","timestamp":"2025-07-16 16:30:34:3034"}
{"attempt":1,"error":"Persistent error","level":"\u001b[33mwarn\u001b[39m","message":"\u001b[33mTest operation failed on attempt 1, retrying in 10ms:\u001b[39m","nextRetryIn":10,"timestamp":"2025-07-16 16:30:34:3034"}
{"attempts":2,"error":"Persistent error","level":"\u001b[31merror\u001b[39m","message":"\u001b[31mTest operation failed after 2 attempts:\u001b[39m","timestamp":"2025-07-16 16:30:34:3034"}
{"attempt":1,"error":"Error 1","level":"\u001b[33mwarn\u001b[39m","message":"\u001b[33mTest operation failed on attempt 1, retrying in 50ms:\u001b[39m","nextRetryIn":50,"timestamp":"2025-07-16 16:30:34:3034"}
{"attempt":2,"error":"Error 2","level":"\u001b[33mwarn\u001b[39m","message":"\u001b[33mTest operation failed on attempt 2, retrying in 100ms:\u001b[39m","nextRetryIn":100,"timestamp":"2025-07-16 16:30:34:3034"}
{"level":"\u001b[32minfo\u001b[39m","message":"\u001b[32mTest operation succeeded on attempt 3\u001b[39m","timestamp":"2025-07-16 16:30:34:3034"}
{"level":"\u001b[32minfo\u001b[39m","message":"\u001b[32mServer running on port 5001\u001b[39m","timestamp":"2025-07-17 09:22:36:2236"}
{"error":"connect ECONNREFUSED 127.0.0.1:27017, connect ECONNREFUSED ::1:27017","level":"\u001b[31merror\u001b[39m","message":"\u001b[31mUnhandled Promise Rejection:\u001b[39m","promise":{},"stack":"MongoServerSelectionError: connect ECONNREFUSED 127.0.0.1:27017, connect ECONNREFUSED ::1:27017\n    at Timeout._onTimeout (/Users/oliver/Projects/boutique/node_modules/mongodb/lib/sdam/topology.js:278:38)\n    at listOnTimeout (node:internal/timers:588:17)\n    at process.processTimers (node:internal/timers:523:7)","timestamp":"2025-07-17 09:23:06:236"}
{"level":"\u001b[32minfo\u001b[39m","message":"\u001b[32mServer running on port 5001\u001b[39m","timestamp":"2025-07-17 09:24:28:2428"}
{"error":"connect ECONNREFUSED 127.0.0.1:27017, connect ECONNREFUSED ::1:27017","level":"\u001b[31merror\u001b[39m","message":"\u001b[31mUnhandled Promise Rejection:\u001b[39m","promise":{},"stack":"MongoServerSelectionError: connect ECONNREFUSED 127.0.0.1:27017, connect ECONNREFUSED ::1:27017\n    at Timeout._onTimeout (/Users/oliver/Projects/boutique/node_modules/mongodb/lib/sdam/topology.js:278:38)\n    at listOnTimeout (node:internal/timers:588:17)\n    at process.processTimers (node:internal/timers:523:7)","timestamp":"2025-07-17 09:24:58:2458"}
{"level":"\u001b[32minfo\u001b[39m","message":"\u001b[32mServer running on port 5001\u001b[39m","timestamp":"2025-07-17 09:25:24:2524"}
{"error":"connect ECONNREFUSED 127.0.0.1:27017, connect ECONNREFUSED ::1:27017","level":"\u001b[31merror\u001b[39m","message":"\u001b[31mUnhandled Promise Rejection:\u001b[39m","promise":{},"stack":"MongoServerSelectionError: connect ECONNREFUSED 127.0.0.1:27017, connect ECONNREFUSED ::1:27017\n    at Timeout._onTimeout (/Users/oliver/Projects/boutique/node_modules/mongodb/lib/sdam/topology.js:278:38)\n    at listOnTimeout (node:internal/timers:588:17)\n    at process.processTimers (node:internal/timers:523:7)","timestamp":"2025-07-17 09:25:54:2554"}
{"level":"\u001b[32minfo\u001b[39m","message":"\u001b[32mServer running on port 5001\u001b[39m","timestamp":"2025-07-17 09:26:58:2658"}
{"error":"connect ECONNREFUSED 127.0.0.1:27017, connect ECONNREFUSED ::1:27017","level":"\u001b[31merror\u001b[39m","message":"\u001b[31mUnhandled Promise Rejection:\u001b[39m","promise":{},"stack":"MongoServerSelectionError: connect ECONNREFUSED 127.0.0.1:27017, connect ECONNREFUSED ::1:27017\n    at Timeout._onTimeout (/Users/oliver/Projects/boutique/node_modules/mongodb/lib/sdam/topology.js:278:38)\n    at listOnTimeout (node:internal/timers:588:17)\n    at process.processTimers (node:internal/timers:523:7)","timestamp":"2025-07-17 09:27:28:2728"}
{"level":"\u001b[32minfo\u001b[39m","message":"\u001b[32mServer running on port 5001\u001b[39m","timestamp":"2025-07-17 09:30:14:3014"}
{"error":"connect ECONNREFUSED 127.0.0.1:27017, connect ECONNREFUSED ::1:27017","level":"\u001b[31merror\u001b[39m","message":"\u001b[31mUnhandled Promise Rejection:\u001b[39m","promise":{},"stack":"MongoServerSelectionError: connect ECONNREFUSED 127.0.0.1:27017, connect ECONNREFUSED ::1:27017\n    at Timeout._onTimeout (/Users/oliver/Projects/boutique/node_modules/mongodb/lib/sdam/topology.js:278:38)\n    at listOnTimeout (node:internal/timers:588:17)\n    at process.processTimers (node:internal/timers:523:7)","timestamp":"2025-07-17 09:30:44:3044"}
{"level":"\u001b[32minfo\u001b[39m","message":"\u001b[32mServer running on port 5001\u001b[39m","timestamp":"2025-07-17 09:31:35:3135"}
{"error":"connect ECONNREFUSED 127.0.0.1:27017, connect ECONNREFUSED ::1:27017","level":"\u001b[31merror\u001b[39m","message":"\u001b[31mUnhandled Promise Rejection:\u001b[39m","promise":{},"stack":"MongoServerSelectionError: connect ECONNREFUSED 127.0.0.1:27017, connect ECONNREFUSED ::1:27017\n    at Timeout._onTimeout (/Users/oliver/Projects/boutique/node_modules/mongodb/lib/sdam/topology.js:278:38)\n    at listOnTimeout (node:internal/timers:588:17)\n    at process.processTimers (node:internal/timers:523:7)","timestamp":"2025-07-17 09:32:05:325"}
{"level":"\u001b[32minfo\u001b[39m","message":"\u001b[32mServer running on port 5001\u001b[39m","timestamp":"2025-07-17 10:19:20:1920"}
{"level":"\u001b[32minfo\u001b[39m","message":"\u001b[32mServer running on port 5002\u001b[39m","timestamp":"2025-07-17 10:23:36:2336"}
{"level":"\u001b[32minfo\u001b[39m","message":"\u001b[32mServer running on port 8000\u001b[39m","timestamp":"2025-07-17 10:25:49:2549"}
{"level":"\u001b[32minfo\u001b[39m","message":"\u001b[32mServer running on port 5001\u001b[39m","timestamp":"2025-07-17 10:40:17:4017"}
{"level":"\u001b[32minfo\u001b[39m","message":"\u001b[32mServer running on port 3001\u001b[39m","timestamp":"2025-07-17 10:46:40:4640"}
{"level":"\u001b[32minfo\u001b[39m","message":"\u001b[32mServer running on port 5002\u001b[39m","timestamp":"2025-07-17 12:44:08:448"}
{"level":"\u001b[32minfo\u001b[39m","message":"\u001b[32mServer running on port 3001\u001b[39m","timestamp":"2025-07-17 13:09:23:923"}
{"level":"\u001b[32minfo\u001b[39m","message":"\u001b[32mServer running on port 5002\u001b[39m","timestamp":"2025-07-17 15:27:52:2752"}
{"level":"\u001b[32minfo\u001b[39m","message":"\u001b[32mServer running on port 5003\u001b[39m","timestamp":"2025-07-17 15:30:10:3010"}
{"level":"\u001b[32minfo\u001b[39m","message":"\u001b[32mServer running on port 5002\u001b[39m","timestamp":"2025-07-17 16:11:00:110"}
{"level":"\u001b[32minfo\u001b[39m","message":"\u001b[32mServer running on port 5002\u001b[39m","timestamp":"2025-07-17 16:14:46:1446"}
{"level":"\u001b[32minfo\u001b[39m","message":"\u001b[32mServer running on port 5001\u001b[39m","timestamp":"2025-07-17 16:19:59:1959"}
{"level":"\u001b[32minfo\u001b[39m","message":"\u001b[32mServer running on port 5001\u001b[39m","timestamp":"2025-07-17 17:00:56:056"}
{"level":"\u001b[32minfo\u001b[39m","message":"\u001b[32mServer running on port 5001\u001b[39m","timestamp":"2025-07-17 17:12:52:1252"}
{"level":"\u001b[32minfo\u001b[39m","message":"\u001b[32mServer running on port 5001\u001b[39m","timestamp":"2025-07-17 17:33:11:3311"}
{"level":"\u001b[32minfo\u001b[39m","message":"\u001b[32mServer running on port 5001\u001b[39m","timestamp":"2025-07-17 17:34:19:3419"}
{"level":"\u001b[32minfo\u001b[39m","message":"\u001b[32mServer running on port 5001\u001b[39m","timestamp":"2025-07-17 17:34:35:3435"}
{"level":"\u001b[32minfo\u001b[39m","message":"\u001b[32mServer running on port 5001\u001b[39m","timestamp":"2025-07-17 17:40:47:4047"}
{"level":"\u001b[32minfo\u001b[39m","message":"\u001b[32mServer running on port 5001\u001b[39m","timestamp":"2025-07-17 17:43:12:4312"}
{"level":"\u001b[32minfo\u001b[39m","message":"\u001b[32mServer running on port 5001\u001b[39m","timestamp":"2025-07-17 17:55:41:5541"}
{"level":"\u001b[32minfo\u001b[39m","message":"\u001b[32mServer running on port 5001\u001b[39m","timestamp":"2025-07-17 17:56:33:5633"}
{"level":"\u001b[32minfo\u001b[39m","message":"\u001b[32mServer running on port 5001\u001b[39m","timestamp":"2025-07-17 17:57:13:5713"}
{"level":"\u001b[32minfo\u001b[39m","message":"\u001b[32mServer running on port 5001\u001b[39m","timestamp":"2025-07-17 17:58:05:585"}
{"level":"\u001b[32minfo\u001b[39m","message":"\u001b[32mServer running on port 5001\u001b[39m","timestamp":"2025-07-17 17:58:26:5826"}
{"level":"\u001b[32minfo\u001b[39m","message":"\u001b[32mServer running on port 5001\u001b[39m","timestamp":"2025-07-17 17:59:12:5912"}
{"level":"\u001b[32minfo\u001b[39m","message":"\u001b[32mServer running on port 5001\u001b[39m","timestamp":"2025-07-17 18:00:34:034"}
{"level":"\u001b[32minfo\u001b[39m","message":"\u001b[32mServer running on port 5001\u001b[39m","timestamp":"2025-07-17 18:01:49:149"}
{"level":"\u001b[32minfo\u001b[39m","message":"\u001b[32mServer running on port 5001\u001b[39m","timestamp":"2025-07-17 18:02:11:211"}
{"level":"\u001b[32minfo\u001b[39m","message":"\u001b[32mServer running on port 5001\u001b[39m","timestamp":"2025-07-17 18:02:27:227"}
{"level":"\u001b[32minfo\u001b[39m","message":"\u001b[32mServer running on port 5001\u001b[39m","timestamp":"2025-07-17 18:02:46:246"}
{"level":"\u001b[32minfo\u001b[39m","message":"\u001b[32mServer running on port 5001\u001b[39m","timestamp":"2025-07-17 18:03:03:33"}
{"level":"\u001b[32minfo\u001b[39m","message":"\u001b[32mServer running on port 5001\u001b[39m","timestamp":"2025-07-17 18:03:22:322"}
{"level":"\u001b[32minfo\u001b[39m","message":"\u001b[32mServer running on port 5001\u001b[39m","timestamp":"2025-07-17 18:03:42:342"}
{"level":"\u001b[32minfo\u001b[39m","message":"\u001b[32mServer running on port 5001\u001b[39m","timestamp":"2025-07-17 18:04:09:49"}
{"level":"\u001b[32minfo\u001b[39m","message":"\u001b[32mServer running on port 5001\u001b[39m","timestamp":"2025-07-17 18:04:56:456"}
{"level":"\u001b[32minfo\u001b[39m","message":"\u001b[32mServer running on port 5001\u001b[39m","timestamp":"2025-07-17 18:06:18:618"}
{"level":"\u001b[32minfo\u001b[39m","message":"\u001b[32mServer running on port 5001\u001b[39m","timestamp":"2025-07-17 18:08:55:855"}
{"level":"\u001b[32minfo\u001b[39m","message":"\u001b[32mServer running on port 5001\u001b[39m","timestamp":"2025-07-17 18:09:31:931"}
{"level":"\u001b[32minfo\u001b[39m","message":"\u001b[32mServer running on port 5001\u001b[39m","timestamp":"2025-07-17 18:14:08:148"}
{"level":"\u001b[32minfo\u001b[39m","message":"\u001b[32mServer running on port 5001\u001b[39m","timestamp":"2025-07-17 18:14:27:1427"}
{"level":"\u001b[32minfo\u001b[39m","message":"\u001b[32mServer running on port 5001\u001b[39m","timestamp":"2025-07-17 18:15:30:1530"}
{"level":"\u001b[32minfo\u001b[39m","message":"\u001b[32mServer running on port 5001\u001b[39m","timestamp":"2025-07-17 18:15:43:1543"}
{"level":"\u001b[32minfo\u001b[39m","message":"\u001b[32mServer running on port 5001\u001b[39m","timestamp":"2025-07-17 18:16:34:1634"}
{"level":"\u001b[32minfo\u001b[39m","message":"\u001b[32mServer running on port 5001\u001b[39m","timestamp":"2025-07-17 18:16:47:1647"}
{"level":"\u001b[32minfo\u001b[39m","message":"\u001b[32mServer running on port 5001\u001b[39m","timestamp":"2025-07-17 18:17:37:1737"}
{"level":"\u001b[32minfo\u001b[39m","message":"\u001b[32mServer running on port 5001\u001b[39m","timestamp":"2025-07-17 18:17:50:1750"}
{"level":"\u001b[32minfo\u001b[39m","message":"\u001b[32mServer running on port 5001\u001b[39m","timestamp":"2025-07-17 18:18:35:1835"}
{"level":"\u001b[32minfo\u001b[39m","message":"\u001b[32mServer running on port 5001\u001b[39m","timestamp":"2025-07-17 18:18:55:1855"}
{"level":"\u001b[32minfo\u001b[39m","message":"\u001b[32mServer running on port 5001\u001b[39m","timestamp":"2025-07-17 18:19:15:1915"}
{"level":"\u001b[32minfo\u001b[39m","message":"\u001b[32mServer running on port 5001\u001b[39m","timestamp":"2025-07-17 18:19:40:1940"}
{"level":"\u001b[32minfo\u001b[39m","message":"\u001b[32mServer running on port 5001\u001b[39m","timestamp":"2025-07-17 18:19:59:1959"}
{"level":"\u001b[32minfo\u001b[39m","message":"\u001b[32mServer running on port 5001\u001b[39m","timestamp":"2025-07-17 18:20:25:2025"}
{"level":"\u001b[32minfo\u001b[39m","message":"\u001b[32mServer running on port 5001\u001b[39m","timestamp":"2025-07-17 18:21:07:217"}
{"level":"\u001b[32minfo\u001b[39m","message":"\u001b[32mServer running on port 5001\u001b[39m","timestamp":"2025-07-17 18:21:54:2154"}
{"level":"\u001b[32minfo\u001b[39m","message":"\u001b[32mServer running on port 5001\u001b[39m","timestamp":"2025-07-17 18:22:33:2233"}
{"level":"\u001b[32minfo\u001b[39m","message":"\u001b[32mServer running on port 5001\u001b[39m","timestamp":"2025-07-17 18:23:07:237"}
{"level":"\u001b[32minfo\u001b[39m","message":"\u001b[32mServer running on port 5001\u001b[39m","timestamp":"2025-07-17 18:30:52:3052"}
{"level":"\u001b[32minfo\u001b[39m","message":"\u001b[32mServer running on port 5001\u001b[39m","timestamp":"2025-07-17 18:36:55:3655"}
{"level":"\u001b[32minfo\u001b[39m","message":"\u001b[32mServer running on port 5001\u001b[39m","timestamp":"2025-07-17 18:38:28:3828"}
{"level":"\u001b[32minfo\u001b[39m","message":"\u001b[32mServer running on port 5001\u001b[39m","timestamp":"2025-07-17 18:38:36:3836"}
{"level":"\u001b[32minfo\u001b[39m","message":"\u001b[32mServer running on port 5001\u001b[39m","timestamp":"2025-07-17 18:38:49:3849"}
{"level":"\u001b[32minfo\u001b[39m","message":"\u001b[32mServer running on port 5001\u001b[39m","timestamp":"2025-07-17 18:40:59:4059"}
{"level":"\u001b[32minfo\u001b[39m","message":"\u001b[32mServer running on port 5001\u001b[39m","timestamp":"2025-07-17 18:50:11:5011"}
{"level":"\u001b[32minfo\u001b[39m","message":"\u001b[32mServer running on port 5001\u001b[39m","timestamp":"2025-07-17 21:34:00:340"}
{"level":"\u001b[32minfo\u001b[39m","message":"\u001b[32mServer running on port 5001\u001b[39m","timestamp":"2025-07-17 21:56:01:561"}
{"level":"\u001b[32minfo\u001b[39m","message":"\u001b[32mServer running on port 5001\u001b[39m","timestamp":"2025-07-17 23:35:20:3520"}
{"level":"\u001b[32minfo\u001b[39m","message":"\u001b[32mServer running on port 5001\u001b[39m","timestamp":"2025-07-18 00:56:47:5647"}
{"level":"\u001b[32minfo\u001b[39m","message":"\u001b[32mServer running on port 5001\u001b[39m","timestamp":"2025-07-18 02:14:23:1423"}
{"level":"\u001b[32minfo\u001b[39m","message":"\u001b[32mServer running on port 5001\u001b[39m","timestamp":"2025-07-18 02:23:30:2330"}
{"level":"\u001b[32minfo\u001b[39m","message":"\u001b[32mServer running on port 5001\u001b[39m","timestamp":"2025-07-18 02:27:59:2759"}
{"level":"\u001b[32minfo\u001b[39m","message":"\u001b[32mServer running on port 5001\u001b[39m","timestamp":"2025-07-18 02:28:07:287"}
{"level":"\u001b[32minfo\u001b[39m","message":"\u001b[32mServer running on port 5001\u001b[39m","timestamp":"2025-07-18 02:43:02:432"}
{"level":"\u001b[32minfo\u001b[39m","message":"\u001b[32mServer running on port 5001\u001b[39m","timestamp":"2025-07-18 02:43:10:4310"}
{"level":"\u001b[32minfo\u001b[39m","message":"\u001b[32mServer running on port 5001\u001b[39m","timestamp":"2025-07-19 19:56:00:560"}
{"level":"\u001b[32minfo\u001b[39m","message":"\u001b[32mServer running on port 5001\u001b[39m","timestamp":"2025-07-19 19:57:41:5741"}
{"level":"\u001b[32minfo\u001b[39m","message":"\u001b[32mServer running on port 5001\u001b[39m","timestamp":"2025-07-19 19:57:45:5745"}
{"level":"\u001b[32minfo\u001b[39m","message":"\u001b[32mServer running on port 5001\u001b[39m","timestamp":"2025-07-19 19:59:06:596"}
{"level":"\u001b[32minfo\u001b[39m","message":"\u001b[32mServer running on port 5001\u001b[39m","timestamp":"2025-07-19 20:03:37:337"}
{"level":"\u001b[32minfo\u001b[39m","message":"\u001b[32mServer running on port 5001\u001b[39m","timestamp":"2025-07-19 20:04:00:40"}
{"level":"\u001b[32minfo\u001b[39m","message":"\u001b[32mServer running on port 5001\u001b[39m","timestamp":"2025-07-19 20:04:19:419"}
{"level":"\u001b[32minfo\u001b[39m","message":"\u001b[32mServer running on port 5001\u001b[39m","timestamp":"2025-07-19 20:04:30:430"}
{"level":"\u001b[32minfo\u001b[39m","message":"\u001b[32mServer running on port 5001\u001b[39m","timestamp":"2025-07-19 20:05:00:50"}
{"level":"\u001b[32minfo\u001b[39m","message":"\u001b[32mServer running on port 5001\u001b[39m","timestamp":"2025-07-19 20:05:48:548"}
{"level":"\u001b[32minfo\u001b[39m","message":"\u001b[32mServer running on port 5001\u001b[39m","timestamp":"2025-07-19 20:06:04:64"}
{"level":"\u001b[32minfo\u001b[39m","message":"\u001b[32mServer running on port 5001\u001b[39m","timestamp":"2025-07-19 20:06:15:615"}
{"level":"\u001b[32minfo\u001b[39m","message":"\u001b[32mServer running on port 5001\u001b[39m","timestamp":"2025-07-19 20:06:20:620"}
{"level":"\u001b[32minfo\u001b[39m","message":"\u001b[32mServer running on port 5001\u001b[39m","timestamp":"2025-07-19 20:06:28:628"}
{"level":"\u001b[32minfo\u001b[39m","message":"\u001b[32mServer running on port 5001\u001b[39m","timestamp":"2025-07-19 20:06:39:639"}
{"level":"\u001b[32minfo\u001b[39m","message":"\u001b[32mServer running on port 5001\u001b[39m","timestamp":"2025-07-19 20:06:52:652"}
{"level":"\u001b[32minfo\u001b[39m","message":"\u001b[32mServer running on port 5001\u001b[39m","timestamp":"2025-07-20 13:50:05:505"}
{"level":"\u001b[32minfo\u001b[39m","message":"\u001b[32mServer running on port 5001\u001b[39m","timestamp":"2025-07-20 13:51:11:5111"}
{"level":"\u001b[32minfo\u001b[39m","message":"\u001b[32mServer running on port 5001\u001b[39m","timestamp":"2025-07-20 13:51:50:5150"}
{"level":"\u001b[32minfo\u001b[39m","message":"\u001b[32mServer running on port 5001\u001b[39m","timestamp":"2025-07-20 13:52:08:528"}
{"level":"\u001b[32minfo\u001b[39m","message":"\u001b[32mServer running on port 5001\u001b[39m","timestamp":"2025-07-20 13:52:32:5232"}
{"level":"\u001b[32minfo\u001b[39m","message":"\u001b[32mServer running on port 5001\u001b[39m","timestamp":"2025-07-20 13:52:56:5256"}
{"level":"\u001b[32minfo\u001b[39m","message":"\u001b[32mServer running on port 5001\u001b[39m","timestamp":"2025-07-20 13:53:20:5320"}
{"level":"\u001b[32minfo\u001b[39m","message":"\u001b[32mServer running on port 5001\u001b[39m","timestamp":"2025-07-20 13:53:39:5339"}
{"level":"\u001b[32minfo\u001b[39m","message":"\u001b[32mServer running on port 5001\u001b[39m","timestamp":"2025-07-20 13:53:52:5352"}
{"level":"\u001b[32minfo\u001b[39m","message":"\u001b[32mServer running on port 5001\u001b[39m","timestamp":"2025-07-20 13:54:05:545"}
{"level":"\u001b[32minfo\u001b[39m","message":"\u001b[32mServer running on port 5001\u001b[39m","timestamp":"2025-07-20 13:55:08:558"}
{"level":"\u001b[32minfo\u001b[39m","message":"\u001b[32mServer running on port 5001\u001b[39m","timestamp":"2025-07-20 13:56:06:566"}
{"level":"\u001b[32minfo\u001b[39m","message":"\u001b[32mServer running on port 5001\u001b[39m","timestamp":"2025-07-20 13:56:32:5632"}
{"level":"\u001b[32minfo\u001b[39m","message":"\u001b[32mServer running on port 5001\u001b[39m","timestamp":"2025-07-20 13:56:54:5654"}
{"level":"\u001b[32minfo\u001b[39m","message":"\u001b[32mServer running on port 5001\u001b[39m","timestamp":"2025-07-20 13:57:28:5728"}
{"level":"\u001b[32minfo\u001b[39m","message":"\u001b[32mServer running on port 5001\u001b[39m","timestamp":"2025-07-20 13:57:58:5758"}
{"level":"\u001b[32minfo\u001b[39m","message":"\u001b[32mServer running on port 5001\u001b[39m","timestamp":"2025-07-20 13:58:19:5819"}
{"level":"\u001b[32minfo\u001b[39m","message":"\u001b[32mServer running on port 5001\u001b[39m","timestamp":"2025-07-20 13:58:34:5834"}
{"level":"\u001b[32minfo\u001b[39m","message":"\u001b[32mServer running on port 5001\u001b[39m","timestamp":"2025-07-20 13:58:43:5843"}
{"level":"\u001b[32minfo\u001b[39m","message":"\u001b[32mServer running on port 5001\u001b[39m","timestamp":"2025-07-20 13:59:47:5947"}
{"level":"\u001b[32minfo\u001b[39m","message":"\u001b[32mServer running on port 5001\u001b[39m","timestamp":"2025-07-20 14:00:20:020"}
{"level":"\u001b[32minfo\u001b[39m","message":"\u001b[32mServer running on port 5001\u001b[39m","timestamp":"2025-07-20 14:02:38:238"}
{"level":"\u001b[32minfo\u001b[39m","message":"\u001b[32mServer running on port 5001\u001b[39m","timestamp":"2025-07-20 14:03:46:346"}
{"level":"\u001b[32minfo\u001b[39m","message":"\u001b[32mServer running on port 5001\u001b[39m","timestamp":"2025-07-20 14:04:19:419"}
{"level":"\u001b[32minfo\u001b[39m","message":"\u001b[32mServer running on port 5001\u001b[39m","timestamp":"2025-07-20 14:06:31:631"}
{"level":"\u001b[32minfo\u001b[39m","message":"\u001b[32mServer running on port 5001\u001b[39m","timestamp":"2025-07-20 14:23:01:231"}
{"level":"\u001b[32minfo\u001b[39m","message":"\u001b[32mServer running on port 5001\u001b[39m","timestamp":"2025-07-20 14:23:25:2325"}
{"level":"\u001b[32minfo\u001b[39m","message":"\u001b[32mServer running on port 5001\u001b[39m","timestamp":"2025-07-20 14:23:44:2344"}
{"level":"\u001b[32minfo\u001b[39m","message":"\u001b[32mServer running on port 5001\u001b[39m","timestamp":"2025-07-20 14:24:01:241"}
{"level":"\u001b[32minfo\u001b[39m","message":"\u001b[32mServer running on port 5001\u001b[39m","timestamp":"2025-07-20 14:24:07:247"}
{"level":"\u001b[32minfo\u001b[39m","message":"\u001b[32mServer running on port 5001\u001b[39m","timestamp":"2025-07-20 14:25:51:2551"}
{"level":"\u001b[32minfo\u001b[39m","message":"\u001b[32mServer running on port 5001\u001b[39m","timestamp":"2025-07-20 14:28:22:2822"}
{"level":"\u001b[32minfo\u001b[39m","message":"\u001b[32mServer running on port 5001\u001b[39m","timestamp":"2025-07-20 14:31:18:3118"}
{"level":"\u001b[32minfo\u001b[39m","message":"\u001b[32mServer running on port 5001\u001b[39m","timestamp":"2025-07-20 14:32:56:3256"}
{"level":"\u001b[32minfo\u001b[39m","message":"\u001b[32mServer running on port 5001\u001b[39m","timestamp":"2025-07-20 16:28:27:2827"}
{"level":"\u001b[32minfo\u001b[39m","message":"\u001b[32mServer running on port 5001\u001b[39m","timestamp":"2025-07-20 16:29:24:2924"}
{"level":"\u001b[32minfo\u001b[39m","message":"\u001b[32mServer running on port 5001\u001b[39m","timestamp":"2025-07-20 16:30:27:3027"}
{"level":"\u001b[32minfo\u001b[39m","message":"\u001b[32mServer running on port 5001\u001b[39m","timestamp":"2025-07-20 16:33:30:3330"}
{"level":"\u001b[32minfo\u001b[39m","message":"\u001b[32mServer running on port 5001\u001b[39m","timestamp":"2025-07-20 16:33:58:3358"}
{"level":"\u001b[32minfo\u001b[39m","message":"\u001b[32mServer running on port 5001\u001b[39m","timestamp":"2025-07-20 16:34:16:3416"}
{"level":"\u001b[32minfo\u001b[39m","message":"\u001b[32mServer running on port 5001\u001b[39m","timestamp":"2025-07-20 16:34:24:3424"}
{"level":"\u001b[32minfo\u001b[39m","message":"\u001b[32mServer running on port 5001\u001b[39m","timestamp":"2025-07-20 16:34:41:3441"}
{"level":"\u001b[32minfo\u001b[39m","message":"\u001b[32mServer running on port 5001\u001b[39m","timestamp":"2025-07-20 16:35:24:3524"}
{"level":"\u001b[32minfo\u001b[39m","message":"\u001b[32mServer running on port 5001\u001b[39m","timestamp":"2025-07-20 16:36:08:368"}
{"level":"\u001b[32minfo\u001b[39m","message":"\u001b[32mServer running on port 5001\u001b[39m","timestamp":"2025-07-20 16:37:38:3738"}
{"level":"\u001b[32minfo\u001b[39m","message":"\u001b[32mServer running on port 5001\u001b[39m","timestamp":"2025-07-20 16:37:39:3739"}
{"level":"\u001b[32minfo\u001b[39m","message":"\u001b[32mServer running on port 5001\u001b[39m","timestamp":"2025-07-20 16:37:43:3743"}
{"level":"\u001b[32minfo\u001b[39m","message":"\u001b[32mServer running on port 5001\u001b[39m","timestamp":"2025-07-20 16:38:39:3839"}
{"level":"\u001b[32minfo\u001b[39m","message":"\u001b[32mServer running on port 5001\u001b[39m","timestamp":"2025-07-20 16:38:46:3846"}
{"level":"\u001b[32minfo\u001b[39m","message":"\u001b[32mServer running on port 5001\u001b[39m","timestamp":"2025-07-20 16:39:04:394"}
{"level":"\u001b[32minfo\u001b[39m","message":"\u001b[32mServer running on port 5001\u001b[39m","timestamp":"2025-07-20 16:39:34:3934"}
{"level":"\u001b[32minfo\u001b[39m","message":"\u001b[32mServer running on port 5001\u001b[39m","timestamp":"2025-07-20 16:39:53:3953"}
{"level":"\u001b[32minfo\u001b[39m","message":"\u001b[32mServer running on port 5001\u001b[39m","timestamp":"2025-07-20 20:10:31:1031"}
{"level":"\u001b[32minfo\u001b[39m","message":"\u001b[32mServer running on port 5001\u001b[39m","timestamp":"2025-07-20 20:10:36:1036"}
{"level":"\u001b[32minfo\u001b[39m","message":"\u001b[32mServer running on port 5001\u001b[39m","timestamp":"2025-07-20 20:10:41:1041"}
{"level":"\u001b[32minfo\u001b[39m","message":"\u001b[32mServer running on port 5001\u001b[39m","timestamp":"2025-07-20 20:11:15:1115"}
{"level":"\u001b[32minfo\u001b[39m","message":"\u001b[32mServer running on port 5001\u001b[39m","timestamp":"2025-07-20 20:11:27:1127"}
{"level":"\u001b[32minfo\u001b[39m","message":"\u001b[32mServer running on port 5001\u001b[39m","timestamp":"2025-07-20 20:13:29:1329"}
{"level":"\u001b[32minfo\u001b[39m","message":"\u001b[32mServer running on port 5001\u001b[39m","timestamp":"2025-07-20 20:13:45:1345"}
{"level":"\u001b[32minfo\u001b[39m","message":"\u001b[32mServer running on port 5001\u001b[39m","timestamp":"2025-07-20 20:14:04:144"}
{"level":"\u001b[32minfo\u001b[39m","message":"\u001b[32mServer running on port 5001\u001b[39m","timestamp":"2025-07-20 20:14:29:1429"}
{"level":"\u001b[32minfo\u001b[39m","message":"\u001b[32mServer running on port 5001\u001b[39m","timestamp":"2025-07-20 20:15:00:150"}
{"level":"\u001b[32minfo\u001b[39m","message":"\u001b[32mServer running on port 5001\u001b[39m","timestamp":"2025-07-20 20:15:26:1526"}
{"level":"\u001b[32minfo\u001b[39m","message":"\u001b[32mServer running on port 5001\u001b[39m","timestamp":"2025-07-20 20:16:08:168"}
{"level":"\u001b[32minfo\u001b[39m","message":"\u001b[32mServer running on port 5001\u001b[39m","timestamp":"2025-07-20 20:16:19:1619"}
{"level":"\u001b[32minfo\u001b[39m","message":"\u001b[32mServer running on port 5001\u001b[39m","timestamp":"2025-07-20 20:17:13:1713"}
{"level":"\u001b[32minfo\u001b[39m","message":"\u001b[32mServer running on port 5001\u001b[39m","timestamp":"2025-07-20 20:17:55:1755"}
{"level":"\u001b[32minfo\u001b[39m","message":"\u001b[32mServer running on port 5001\u001b[39m","timestamp":"2025-07-20 20:18:09:189"}
{"level":"\u001b[32minfo\u001b[39m","message":"\u001b[32mServer running on port 5001\u001b[39m","timestamp":"2025-07-20 20:18:25:1825"}
{"level":"\u001b[32minfo\u001b[39m","message":"\u001b[32mServer running on port 5001\u001b[39m","timestamp":"2025-07-20 20:18:36:1836"}
{"level":"\u001b[32minfo\u001b[39m","message":"\u001b[32mServer running on port 5001\u001b[39m","timestamp":"2025-07-20 20:18:47:1847"}
{"level":"\u001b[32minfo\u001b[39m","message":"\u001b[32mServer running on port 5001\u001b[39m","timestamp":"2025-07-20 20:18:58:1858"}
{"level":"\u001b[32minfo\u001b[39m","message":"\u001b[32mServer running on port 5001\u001b[39m","timestamp":"2025-07-20 20:19:06:196"}
{"level":"\u001b[32minfo\u001b[39m","message":"\u001b[32mServer running on port 5001\u001b[39m","timestamp":"2025-07-20 20:19:56:1956"}
{"level":"\u001b[32minfo\u001b[39m","message":"\u001b[32mServer running on port 5001\u001b[39m","timestamp":"2025-07-20 20:20:02:202"}
{"level":"\u001b[32minfo\u001b[39m","message":"\u001b[32mServer running on port 5001\u001b[39m","timestamp":"2025-07-20 20:20:07:207"}
{"level":"\u001b[32minfo\u001b[39m","message":"\u001b[32mServer running on port 5001\u001b[39m","timestamp":"2025-07-20 20:20:42:2042"}
{"level":"\u001b[32minfo\u001b[39m","message":"\u001b[32mServer running on port 5001\u001b[39m","timestamp":"2025-07-20 20:33:25:3325"}
{"level":"\u001b[32minfo\u001b[39m","message":"\u001b[32mServer running on port 5001\u001b[39m","timestamp":"2025-07-20 23:12:09:129"}
{"level":"\u001b[32minfo\u001b[39m","message":"\u001b[32mServer running on port 5001\u001b[39m","timestamp":"2025-07-21 06:25:06:256"}
{"level":"\u001b[32minfo\u001b[39m","message":"\u001b[32mServer running on port 5001\u001b[39m","timestamp":"2025-07-21 07:34:54:3454"}
{"level":"\u001b[32minfo\u001b[39m","message":"\u001b[32mServer running on port 3001\u001b[39m","timestamp":"2025-07-21 20:13:43:1343"}
