{"amount":100,"error":"network timeout","label":"PAYMENT","level":"error","message":"Payment processing failed:","orderId":"123","timestamp":"2025-07-16T20:10:03.111Z"}
{"label":"PAYMENT","level":"info","message":"Queueing payment for retry:","orderId":"123","retryAt":"2025-07-16T20:15:03.112Z","timestamp":"2025-07-16T20:10:03.112Z"}
{"amount":100,"error":"insufficient_funds","label":"PAYMENT","level":"error","message":"Payment processing failed:","orderId":"123","timestamp":"2025-07-16T20:10:03.113Z"}
{"issueType":"insufficient_funds","label":"PAYMENT","level":"info","message":"Notifying customer of payment issue:","orderId":"123","timestamp":"2025-07-16T20:10:03.113Z"}
{"amount":100,"error":"unknown error","label":"PAYMENT","level":"error","message":"Payment processing failed:","orderId":"123","timestamp":"2025-07-16T20:10:03.114Z"}
{"error":"unknown error","escalatedAt":"2025-07-16T20:10:03.114Z","label":"PAYMENT","level":"error","message":"Escalating payment error:","orderId":"123","timestamp":"2025-07-16T20:10:03.114Z"}
{"amount":100,"error":"network timeout","label":"PAYMENT","level":"error","message":"Payment processing failed:","orderId":"123","timestamp":"2025-07-16T20:30:34.481Z"}
{"label":"PAYMENT","level":"info","message":"Queueing payment for retry:","orderId":"123","retryAt":"2025-07-16T20:35:34.482Z","timestamp":"2025-07-16T20:30:34.482Z"}
{"amount":100,"error":"insufficient_funds","label":"PAYMENT","level":"error","message":"Payment processing failed:","orderId":"123","timestamp":"2025-07-16T20:30:34.483Z"}
{"issueType":"insufficient_funds","label":"PAYMENT","level":"info","message":"Notifying customer of payment issue:","orderId":"123","timestamp":"2025-07-16T20:30:34.484Z"}
{"amount":100,"error":"unknown error","label":"PAYMENT","level":"error","message":"Payment processing failed:","orderId":"123","timestamp":"2025-07-16T20:30:34.484Z"}
{"error":"unknown error","escalatedAt":"2025-07-16T20:30:34.485Z","label":"PAYMENT","level":"error","message":"Escalating payment error:","orderId":"123","timestamp":"2025-07-16T20:30:34.485Z"}
{"label":"PAYMENT","level":"info","message":"Mollie client initialized successfully","timestamp":"2025-08-05T18:24:19.285Z"}
{"label":"PAYMENT","level":"info","message":"Mollie client initialized successfully","timestamp":"2025-08-05T18:24:30.246Z"}
{"label":"PAYMENT","level":"info","message":"Mollie client initialized successfully","timestamp":"2025-08-05T18:27:19.701Z"}
{"label":"PAYMENT","level":"info","message":"Mollie client initialized successfully","timestamp":"2025-08-05T18:27:31.341Z"}
{"label":"PAYMENT","level":"info","message":"Mollie client initialized successfully","timestamp":"2025-08-05T18:27:41.754Z"}
{"label":"PAYMENT","level":"info","message":"Mollie client initialized successfully","timestamp":"2025-08-05T18:27:46.313Z"}
{"label":"PAYMENT","level":"info","message":"Mollie client initialized successfully","timestamp":"2025-08-05T18:27:50.578Z"}
{"label":"PAYMENT","level":"info","message":"Mollie client initialized successfully","timestamp":"2025-08-05T18:27:56.926Z"}
{"label":"PAYMENT","level":"info","message":"Mollie client initialized successfully","timestamp":"2025-08-05T18:28:07.856Z"}
{"label":"PAYMENT","level":"info","message":"Mollie client initialized successfully","timestamp":"2025-08-05T18:28:19.883Z"}
{"label":"PAYMENT","level":"info","message":"Mollie client initialized successfully","timestamp":"2025-08-05T18:28:26.702Z"}
{"label":"PAYMENT","level":"info","message":"Mollie client initialized successfully","timestamp":"2025-08-05T18:28:43.557Z"}
{"label":"PAYMENT","level":"info","message":"Mollie client initialized successfully","timestamp":"2025-08-05T18:28:53.292Z"}
{"label":"PAYMENT","level":"info","message":"Mollie client initialized successfully","timestamp":"2025-08-05T18:28:59.998Z"}
{"label":"PAYMENT","level":"info","message":"Mollie client initialized successfully","timestamp":"2025-08-05T18:29:08.254Z"}
{"label":"PAYMENT","level":"info","message":"Mollie client initialized successfully","timestamp":"2025-08-05T18:29:14.205Z"}
{"label":"PAYMENT","level":"info","message":"Mollie client initialized successfully","timestamp":"2025-08-05T18:29:18.694Z"}
{"label":"PAYMENT","level":"info","message":"Mollie client initialized successfully","timestamp":"2025-08-05T18:29:36.293Z"}
{"label":"PAYMENT","level":"info","message":"Mollie client initialized successfully","timestamp":"2025-08-05T18:29:45.880Z"}
{"label":"PAYMENT","level":"info","message":"Mollie client initialized successfully","timestamp":"2025-08-05T18:30:08.304Z"}
{"label":"PAYMENT","level":"info","message":"Mollie client initialized successfully","timestamp":"2025-08-05T18:30:35.519Z"}
{"label":"PAYMENT","level":"info","message":"Mollie client initialized successfully","timestamp":"2025-08-05T18:30:46.182Z"}
{"label":"PAYMENT","level":"info","message":"Mollie client initialized successfully","timestamp":"2025-08-05T18:34:22.788Z"}
{"label":"PAYMENT","level":"info","message":"Mollie client initialized successfully","timestamp":"2025-08-05T18:34:52.437Z"}
{"label":"PAYMENT","level":"info","message":"Mollie client initialized successfully","timestamp":"2025-08-05T18:41:01.525Z"}
{"label":"PAYMENT","level":"info","message":"Mollie client initialized successfully","timestamp":"2025-08-05T18:41:14.524Z"}
{"label":"PAYMENT","level":"info","message":"Mollie client initialized successfully","timestamp":"2025-08-05T20:12:33.958Z"}
{"label":"PAYMENT","level":"info","message":"Mollie client initialized successfully","timestamp":"2025-08-05T20:22:26.227Z"}
{"label":"PAYMENT","level":"info","message":"Mollie client initialized successfully","timestamp":"2025-08-05T20:25:48.787Z"}
{"label":"PAYMENT","level":"info","message":"Mollie client initialized successfully","timestamp":"2025-08-05T20:27:30.921Z"}
{"label":"PAYMENT","level":"info","message":"Mollie client initialized successfully","timestamp":"2025-08-05T20:28:04.019Z"}
{"label":"PAYMENT","level":"info","message":"Mollie client initialized successfully","timestamp":"2025-08-05T20:29:40.714Z"}
{"label":"PAYMENT","level":"info","message":"Mollie client initialized successfully","timestamp":"2025-08-05T20:41:44.992Z"}
{"label":"PAYMENT","level":"info","message":"Mollie client initialized successfully","timestamp":"2025-08-05T20:45:49.557Z"}
{"label":"PAYMENT","level":"info","message":"Mollie client initialized successfully","timestamp":"2025-08-05T21:07:01.817Z"}
{"label":"PAYMENT","level":"info","message":"Mollie client initialized successfully","timestamp":"2025-08-05T21:38:32.423Z"}
{"label":"PAYMENT","level":"info","message":"Mollie client initialized successfully","timestamp":"2025-08-05T22:22:49.894Z"}
{"label":"PAYMENT","level":"info","message":"Mollie client initialized successfully","timestamp":"2025-08-05T22:23:04.741Z"}
{"label":"PAYMENT","level":"info","message":"Mollie client initialized successfully","timestamp":"2025-08-05T22:26:29.750Z"}
{"label":"PAYMENT","level":"info","message":"Mollie client initialized successfully","timestamp":"2025-08-05T22:27:12.781Z"}
{"label":"PAYMENT","level":"info","message":"Mollie client initialized successfully","timestamp":"2025-08-05T22:27:52.473Z"}
{"label":"PAYMENT","level":"info","message":"Mollie client initialized successfully","timestamp":"2025-08-05T22:27:58.046Z"}
{"label":"PAYMENT","level":"info","message":"Mollie client initialized successfully","timestamp":"2025-08-05T22:30:36.658Z"}
{"label":"PAYMENT","level":"info","message":"Mollie client initialized successfully","timestamp":"2025-08-05T22:30:51.170Z"}
{"label":"PAYMENT","level":"info","message":"Mollie client initialized successfully","timestamp":"2025-08-05T22:31:31.601Z"}
{"label":"PAYMENT","level":"info","message":"Mollie client initialized successfully","timestamp":"2025-08-05T22:31:39.552Z"}
{"label":"PAYMENT","level":"info","message":"Mollie client initialized successfully","timestamp":"2025-08-05T22:31:49.436Z"}
{"label":"PAYMENT","level":"info","message":"Mollie client initialized successfully","timestamp":"2025-08-05T22:31:57.686Z"}
{"label":"PAYMENT","level":"info","message":"Mollie client initialized successfully","timestamp":"2025-08-05T22:32:07.827Z"}
{"label":"PAYMENT","level":"info","message":"Mollie client initialized successfully","timestamp":"2025-08-05T22:32:19.294Z"}
{"label":"PAYMENT","level":"info","message":"Mollie client initialized successfully","timestamp":"2025-08-05T22:32:26.206Z"}
{"label":"PAYMENT","level":"info","message":"Mollie client initialized successfully","timestamp":"2025-08-05T22:32:33.006Z"}
{"label":"PAYMENT","level":"info","message":"Mollie client initialized successfully","timestamp":"2025-08-05T22:32:37.954Z"}
{"label":"PAYMENT","level":"info","message":"Mollie client initialized successfully","timestamp":"2025-08-05T22:32:45.188Z"}
{"label":"PAYMENT","level":"info","message":"Mollie client initialized successfully","timestamp":"2025-08-05T22:33:25.413Z"}
{"label":"PAYMENT","level":"info","message":"Mollie client initialized successfully","timestamp":"2025-08-05T22:33:45.938Z"}
{"label":"PAYMENT","level":"info","message":"Mollie client initialized successfully","timestamp":"2025-08-05T22:34:20.637Z"}
{"label":"PAYMENT","level":"info","message":"Mollie client initialized successfully","timestamp":"2025-08-05T22:36:09.196Z"}
{"label":"PAYMENT","level":"info","message":"Mollie client initialized successfully","timestamp":"2025-08-05T22:36:35.326Z"}
{"label":"PAYMENT","level":"info","message":"Mollie client initialized successfully","timestamp":"2025-08-05T22:36:49.402Z"}
{"label":"PAYMENT","level":"info","message":"Mollie client initialized successfully","timestamp":"2025-08-05T22:36:54.542Z"}
{"label":"PAYMENT","level":"info","message":"Mollie client initialized successfully","timestamp":"2025-08-05T22:37:28.508Z"}
